<?xml version="1.0" encoding="UTF-8"?>
<!-- Generated by org.testng.reporters.JUnitReportReporter -->
<testsuite hostname="DESKTOP-SK98M2H" failures="0" tests="1" name="SumValidation" time="0.980" errors="0" timestamp="2022-07-10T14:19:57 NZST" skipped="0">
  <testcase classname="SumValidation" name="sumofCourses" time="0.980"/>
  <system-out/>
</testsuite> <!-- SumValidation -->
