<?xml version="1.0" encoding="UTF-8"?>
<!-- Generated by org.testng.reporters.JUnitReportReporter -->
<testsuite hostname="DESKTOP-SK98M2H" failures="0" tests="6" name="DynamicJson" time="5.068" errors="0" timestamp="2022-07-11T18:49:15 NZST" skipped="0">
  <testcase classname="DynamicJson" name="deleteBook" time="0.606"/>
  <system-out/>
  <testcase classname="DynamicJson" name="addBook" time="0.609"/>
  <system-out/>
  <testcase classname="DynamicJson" name="addBook" time="2.000"/>
  <system-out/>
  <testcase classname="DynamicJson" name="deleteBook" time="0.636"/>
  <system-out/>
  <testcase classname="DynamicJson" name="addBook" time="0.613"/>
  <system-out/>
  <testcase classname="DynamicJson" name="deleteBook" time="0.604"/>
  <system-out/>
</testsuite> <!-- DynamicJson -->
